

Started GET "/" for 127.0.0.1 at 2015-05-24 18:31:58 +0000
Processing by Rails::WelcomeController#index as HTML
  Rendered C:/Bitnami/rubystack-2.0.0-26/ruby/lib/ruby/gems/2.0.0/gems/railties-4.2.0/lib/rails/templates/rails/welcome/index.html.erb (4.0ms)
Completed 200 OK in 44ms (Views: 27.0ms | ActiveRecord: 0.0ms)


Started GET "/" for 127.0.0.1 at 2015-05-24 19:23:47 +0000
Processing by Rails::WelcomeController#index as HTML
  Rendered C:/Bitnami/rubystack-2.0.0-26/ruby/lib/ruby/gems/2.0.0/gems/railties-4.2.0/lib/rails/templates/rails/welcome/index.html.erb (0.0ms)
Completed 200 OK in 78ms (Views: 46.9ms | ActiveRecord: 0.0ms)


Started GET "/" for 127.0.0.1 at 2015-05-24 19:31:15 +0000
Processing by Rails::WelcomeController#index as HTML
  Rendered C:/Bitnami/rubystack-2.0.0-26/ruby/lib/ruby/gems/2.0.0/gems/railties-4.2.0/lib/rails/templates/rails/welcome/index.html.erb (4.2ms)
Completed 200 OK in 43ms (Views: 23.0ms | ActiveRecord: 0.0ms)


Started GET "/home" for 127.0.0.1 at 2015-05-24 19:31:19 +0000

ActionController::RoutingError (No route matches [GET] "/home"):
  actionpack (4.2.0) lib/action_dispatch/middleware/debug_exceptions.rb:21:in `call'
  web-console (2.1.2) lib/web_console/middleware.rb:37:in `call'
  actionpack (4.2.0) lib/action_dispatch/middleware/show_exceptions.rb:30:in `call'
  railties (4.2.0) lib/rails/rack/logger.rb:38:in `call_app'
  railties (4.2.0) lib/rails/rack/logger.rb:20:in `block in call'
  activesupport (4.2.0) lib/active_support/tagged_logging.rb:68:in `block in tagged'
  activesupport (4.2.0) lib/active_support/tagged_logging.rb:26:in `tagged'
  activesupport (4.2.0) lib/active_support/tagged_logging.rb:68:in `tagged'
  railties (4.2.0) lib/rails/rack/logger.rb:20:in `call'
  actionpack (4.2.0) lib/action_dispatch/middleware/request_id.rb:21:in `call'
  rack (1.6.1) lib/rack/methodoverride.rb:22:in `call'
  rack (1.6.1) lib/rack/runtime.rb:18:in `call'
  activesupport (4.2.0) lib/active_support/cache/strategy/local_cache_middleware.rb:28:in `call'
  rack (1.6.1) lib/rack/lock.rb:17:in `call'
  actionpack (4.2.0) lib/action_dispatch/middleware/static.rb:113:in `call'
  rack (1.6.1) lib/rack/sendfile.rb:113:in `call'
  railties (4.2.0) lib/rails/engine.rb:518:in `call'
  railties (4.2.0) lib/rails/application.rb:164:in `call'
  rack (1.6.1) lib/rack/lock.rb:17:in `call'
  rack (1.6.1) lib/rack/content_length.rb:15:in `call'
  rack (1.6.1) lib/rack/handler/webrick.rb:89:in `service'
  C:/Bitnami/rubystack-2.0.0-26/ruby/lib/ruby/2.0.0/webrick/httpserver.rb:138:in `service'
  C:/Bitnami/rubystack-2.0.0-26/ruby/lib/ruby/2.0.0/webrick/httpserver.rb:94:in `run'
  C:/Bitnami/rubystack-2.0.0-26/ruby/lib/ruby/2.0.0/webrick/server.rb:295:in `block in start_thread'


  Rendered C:/Bitnami/rubystack-2.0.0-26/ruby/lib/ruby/gems/2.0.0/gems/actionpack-4.2.0/lib/action_dispatch/middleware/templates/rescues/_trace.html.erb (0.0ms)
  Rendered C:/Bitnami/rubystack-2.0.0-26/ruby/lib/ruby/gems/2.0.0/gems/actionpack-4.2.0/lib/action_dispatch/middleware/templates/routes/_route.html.erb (0.0ms)
  Rendered C:/Bitnami/rubystack-2.0.0-26/ruby/lib/ruby/gems/2.0.0/gems/actionpack-4.2.0/lib/action_dispatch/middleware/templates/routes/_table.html.erb (15.6ms)
  Rendered C:/Bitnami/rubystack-2.0.0-26/ruby/lib/ruby/gems/2.0.0/gems/actionpack-4.2.0/lib/action_dispatch/middleware/templates/rescues/_request_and_response.html.erb (0.0ms)
  Rendered C:/Bitnami/rubystack-2.0.0-26/ruby/lib/ruby/gems/2.0.0/gems/actionpack-4.2.0/lib/action_dispatch/middleware/templates/rescues/routing_error.html.erb within rescues/layout (78.1ms)
  Rendered C:/Bitnami/rubystack-2.0.0-26/ruby/lib/ruby/gems/2.0.0/gems/web-console-2.1.2/lib/web_console/templates/_markup.html.erb (0.0ms)
  Rendered C:/Bitnami/rubystack-2.0.0-26/ruby/lib/ruby/gems/2.0.0/gems/web-console-2.1.2/lib/web_console/templates/style.css.erb within layouts/inlined_string (0.0ms)
  Rendered C:/Bitnami/rubystack-2.0.0-26/ruby/lib/ruby/gems/2.0.0/gems/web-console-2.1.2/lib/web_console/templates/_inner_console_markup.html.erb within layouts/inlined_string (0.0ms)
  Rendered C:/Bitnami/rubystack-2.0.0-26/ruby/lib/ruby/gems/2.0.0/gems/web-console-2.1.2/lib/web_console/templates/_prompt_box_markup.html.erb within layouts/inlined_string (0.0ms)
  Rendered C:/Bitnami/rubystack-2.0.0-26/ruby/lib/ruby/gems/2.0.0/gems/web-console-2.1.2/lib/web_console/templates/console.js.erb within layouts/javascript (31.2ms)
  Rendered C:/Bitnami/rubystack-2.0.0-26/ruby/lib/ruby/gems/2.0.0/gems/web-console-2.1.2/lib/web_console/templates/main.js.erb within layouts/javascript (0.0ms)
  Rendered C:/Bitnami/rubystack-2.0.0-26/ruby/lib/ruby/gems/2.0.0/gems/web-console-2.1.2/lib/web_console/templates/error_page.js.erb within layouts/javascript (0.0ms)
  Rendered C:/Bitnami/rubystack-2.0.0-26/ruby/lib/ruby/gems/2.0.0/gems/web-console-2.1.2/lib/web_console/templates/index.html.erb (78.1ms)


Started GET "/pages" for 127.0.0.1 at 2015-05-24 19:31:31 +0000

ActionController::RoutingError (No route matches [GET] "/pages"):
  actionpack (4.2.0) lib/action_dispatch/middleware/debug_exceptions.rb:21:in `call'
  web-console (2.1.2) lib/web_console/middleware.rb:37:in `call'
  actionpack (4.2.0) lib/action_dispatch/middleware/show_exceptions.rb:30:in `call'
  railties (4.2.0) lib/rails/rack/logger.rb:38:in `call_app'
  railties (4.2.0) lib/rails/rack/logger.rb:20:in `block in call'
  activesupport (4.2.0) lib/active_support/tagged_logging.rb:68:in `block in tagged'
  activesupport (4.2.0) lib/active_support/tagged_logging.rb:26:in `tagged'
  activesupport (4.2.0) lib/active_support/tagged_logging.rb:68:in `tagged'
  railties (4.2.0) lib/rails/rack/logger.rb:20:in `call'
  actionpack (4.2.0) lib/action_dispatch/middleware/request_id.rb:21:in `call'
  rack (1.6.1) lib/rack/methodoverride.rb:22:in `call'
  rack (1.6.1) lib/rack/runtime.rb:18:in `call'
  activesupport (4.2.0) lib/active_support/cache/strategy/local_cache_middleware.rb:28:in `call'
  rack (1.6.1) lib/rack/lock.rb:17:in `call'
  actionpack (4.2.0) lib/action_dispatch/middleware/static.rb:113:in `call'
  rack (1.6.1) lib/rack/sendfile.rb:113:in `call'
  railties (4.2.0) lib/rails/engine.rb:518:in `call'
  railties (4.2.0) lib/rails/application.rb:164:in `call'
  rack (1.6.1) lib/rack/lock.rb:17:in `call'
  rack (1.6.1) lib/rack/content_length.rb:15:in `call'
  rack (1.6.1) lib/rack/handler/webrick.rb:89:in `service'
  C:/Bitnami/rubystack-2.0.0-26/ruby/lib/ruby/2.0.0/webrick/httpserver.rb:138:in `service'
  C:/Bitnami/rubystack-2.0.0-26/ruby/lib/ruby/2.0.0/webrick/httpserver.rb:94:in `run'
  C:/Bitnami/rubystack-2.0.0-26/ruby/lib/ruby/2.0.0/webrick/server.rb:295:in `block in start_thread'


  Rendered C:/Bitnami/rubystack-2.0.0-26/ruby/lib/ruby/gems/2.0.0/gems/actionpack-4.2.0/lib/action_dispatch/middleware/templates/rescues/_trace.html.erb (0.0ms)
  Rendered C:/Bitnami/rubystack-2.0.0-26/ruby/lib/ruby/gems/2.0.0/gems/actionpack-4.2.0/lib/action_dispatch/middleware/templates/routes/_route.html.erb (0.0ms)
  Rendered C:/Bitnami/rubystack-2.0.0-26/ruby/lib/ruby/gems/2.0.0/gems/actionpack-4.2.0/lib/action_dispatch/middleware/templates/routes/_table.html.erb (0.0ms)
  Rendered C:/Bitnami/rubystack-2.0.0-26/ruby/lib/ruby/gems/2.0.0/gems/actionpack-4.2.0/lib/action_dispatch/middleware/templates/rescues/_request_and_response.html.erb (0.0ms)
  Rendered C:/Bitnami/rubystack-2.0.0-26/ruby/lib/ruby/gems/2.0.0/gems/actionpack-4.2.0/lib/action_dispatch/middleware/templates/rescues/routing_error.html.erb within rescues/layout (46.9ms)
  Rendered C:/Bitnami/rubystack-2.0.0-26/ruby/lib/ruby/gems/2.0.0/gems/web-console-2.1.2/lib/web_console/templates/_markup.html.erb (0.0ms)
  Rendered C:/Bitnami/rubystack-2.0.0-26/ruby/lib/ruby/gems/2.0.0/gems/web-console-2.1.2/lib/web_console/templates/style.css.erb within layouts/inlined_string (0.0ms)
  Rendered C:/Bitnami/rubystack-2.0.0-26/ruby/lib/ruby/gems/2.0.0/gems/web-console-2.1.2/lib/web_console/templates/_inner_console_markup.html.erb within layouts/inlined_string (0.0ms)
  Rendered C:/Bitnami/rubystack-2.0.0-26/ruby/lib/ruby/gems/2.0.0/gems/web-console-2.1.2/lib/web_console/templates/_prompt_box_markup.html.erb within layouts/inlined_string (0.0ms)
  Rendered C:/Bitnami/rubystack-2.0.0-26/ruby/lib/ruby/gems/2.0.0/gems/web-console-2.1.2/lib/web_console/templates/console.js.erb within layouts/javascript (31.2ms)
  Rendered C:/Bitnami/rubystack-2.0.0-26/ruby/lib/ruby/gems/2.0.0/gems/web-console-2.1.2/lib/web_console/templates/main.js.erb within layouts/javascript (0.0ms)
  Rendered C:/Bitnami/rubystack-2.0.0-26/ruby/lib/ruby/gems/2.0.0/gems/web-console-2.1.2/lib/web_console/templates/error_page.js.erb within layouts/javascript (0.0ms)
  Rendered C:/Bitnami/rubystack-2.0.0-26/ruby/lib/ruby/gems/2.0.0/gems/web-console-2.1.2/lib/web_console/templates/index.html.erb (78.1ms)


Started GET "/pages/home" for 127.0.0.1 at 2015-05-24 19:31:36 +0000
Processing by PagesController#home as HTML
  Rendered pages/home.html.erb within layouts/application (0.0ms)
Completed 200 OK in 2529ms (Views: 2529.0ms | ActiveRecord: 0.0ms)


Started GET "/assets/application.self-e80e8f2318043e8af94dddc2adad5a4f09739a8ebb323b3ab31cd71d45fd9113.css?body=1" for 127.0.0.1 at 2015-05-24 19:31:39 +0000


Started GET "/assets/application.self-3a3c8b61bda630ee689740ce7cbd0dd8ea6fdd45e2c42eef4661ab38cf268afe.js?body=1" for 127.0.0.1 at 2015-05-24 19:31:39 +0000


Started GET "/assets/jquery.self-d03a5518f45df77341bdbe6201ba3bfa547ebba8ed64f0ea56bfa5f96ea7c074.js?body=1" for 127.0.0.1 at 2015-05-24 19:31:39 +0000


Started GET "/assets/jquery_ujs.self-8e98a7a072a6cee1372d19fff9ff3e6aa1e39a37d89d6f06861637d061113ee7.js?body=1" for 127.0.0.1 at 2015-05-24 19:31:39 +0000


Started GET "/assets/turbolinks.self-c37727e9bd6b2735da5c311aa83fead54ed0be6cc8bd9a65309e9c5abe2cbfff.js?body=1" for 127.0.0.1 at 2015-05-24 19:31:39 +0000


Started GET "/assets/pages.self-877aef30ae1b040ab8a3aba4e3e309a11d7f2612f44dde450b5c157aa5f95c05.js?body=1" for 127.0.0.1 at 2015-05-24 19:31:39 +0000


Started GET "/assets/pages.self-e3b0c44298fc1c149afbf4c8996fb92427ae41e4649b934ca495991b7852b855.css?body=1" for 127.0.0.1 at 2015-05-24 19:31:39 +0000
DEPRECATION WARNING: Defining a route where `to` is a controller without an action is deprecated. Please change `to: :pages/home` to `controller: :pages/home`. (called from block in <top (required)> at C:/Bitnami/rubystack-2.0.0-26/DevRubyRails/todolist/config/routes.rb:7)


Started GET "/" for 127.0.0.1 at 2015-05-24 19:42:09 +0000
Processing by PagesController#home as HTML
  Rendered pages/home.html.erb within layouts/application (15.6ms)
Completed 200 OK in 359ms (Views: 327.5ms | ActiveRecord: 0.0ms)


Started GET "/assets/pages.self-e3b0c44298fc1c149afbf4c8996fb92427ae41e4649b934ca495991b7852b855.css?body=1" for 127.0.0.1 at 2015-05-24 19:42:09 +0000


Started GET "/assets/application.self-3a3c8b61bda630ee689740ce7cbd0dd8ea6fdd45e2c42eef4661ab38cf268afe.js?body=1" for 127.0.0.1 at 2015-05-24 19:42:09 +0000


Started GET "/assets/application.self-e80e8f2318043e8af94dddc2adad5a4f09739a8ebb323b3ab31cd71d45fd9113.css?body=1" for 127.0.0.1 at 2015-05-24 19:42:09 +0000


Started GET "/assets/jquery.self-d03a5518f45df77341bdbe6201ba3bfa547ebba8ed64f0ea56bfa5f96ea7c074.js?body=1" for 127.0.0.1 at 2015-05-24 19:42:09 +0000


Started GET "/assets/jquery_ujs.self-8e98a7a072a6cee1372d19fff9ff3e6aa1e39a37d89d6f06861637d061113ee7.js?body=1" for 127.0.0.1 at 2015-05-24 19:42:09 +0000


Started GET "/assets/turbolinks.self-c37727e9bd6b2735da5c311aa83fead54ed0be6cc8bd9a65309e9c5abe2cbfff.js?body=1" for 127.0.0.1 at 2015-05-24 19:42:10 +0000


Started GET "/assets/pages.self-877aef30ae1b040ab8a3aba4e3e309a11d7f2612f44dde450b5c157aa5f95c05.js?body=1" for 127.0.0.1 at 2015-05-24 19:42:10 +0000


Started GET "/" for 127.0.0.1 at 2015-05-24 19:59:58 +0000
Processing by PagesController#home as HTML
  Rendered pages/home.html.erb within layouts/application (31.3ms)
Completed 200 OK in 362ms (Views: 345.3ms | ActiveRecord: 0.0ms)


Started GET "/assets/pages.self-e3b0c44298fc1c149afbf4c8996fb92427ae41e4649b934ca495991b7852b855.css?body=1" for 127.0.0.1 at 2015-05-24 19:59:59 +0000


Started GET "/assets/application.self-3a3c8b61bda630ee689740ce7cbd0dd8ea6fdd45e2c42eef4661ab38cf268afe.js?body=1" for 127.0.0.1 at 2015-05-24 19:59:59 +0000


Started GET "/assets/application.self-e80e8f2318043e8af94dddc2adad5a4f09739a8ebb323b3ab31cd71d45fd9113.css?body=1" for 127.0.0.1 at 2015-05-24 19:59:59 +0000


Started GET "/assets/jquery.self-d03a5518f45df77341bdbe6201ba3bfa547ebba8ed64f0ea56bfa5f96ea7c074.js?body=1" for 127.0.0.1 at 2015-05-24 19:59:59 +0000


Started GET "/assets/jquery_ujs.self-8e98a7a072a6cee1372d19fff9ff3e6aa1e39a37d89d6f06861637d061113ee7.js?body=1" for 127.0.0.1 at 2015-05-24 19:59:59 +0000


Started GET "/assets/turbolinks.self-c37727e9bd6b2735da5c311aa83fead54ed0be6cc8bd9a65309e9c5abe2cbfff.js?body=1" for 127.0.0.1 at 2015-05-24 19:59:59 +0000


Started GET "/assets/pages.self-877aef30ae1b040ab8a3aba4e3e309a11d7f2612f44dde450b5c157aa5f95c05.js?body=1" for 127.0.0.1 at 2015-05-24 19:59:59 +0000


Started GET "/about" for 127.0.0.1 at 2015-05-24 20:00:06 +0000
Processing by PagesController#about as HTML
  Rendered pages/about.html.erb within layouts/application (0.0ms)
Completed 200 OK in 63ms (Views: 62.5ms | ActiveRecord: 0.0ms)
